<?xml version="1.0" encoding="UTF-8"?>
<!-- Generated by org.testng.reporters.JUnitXMLReporter -->
<testsuite hostname="libi-PC" name="Short link testing" tests="1" failures="1" timestamp="14 Dec 2018 17:22:31 GMT" time="17.386" errors="0">
  <testcase name="test01_homeTestFlow" time="1.181" classname="TestCasesHomeTest.Test1">
    <failure type="java.lang.AssertionError" message="searchTerm not clicked!">
      <![CDATA[java.lang.AssertionError: searchTerm not clicked!
	at org.junit.Assert.fail(Assert.java:93)
	at UtilitesHomeTest.commonOps.clickOrChose(commonOps.java:56)
	at TestCasesHomeTest.Test1.test01_homeTestFlow(Test1.java:66)
... Removed 24 stack frames]]>
    </failure>
  </testcase> <!-- test01_homeTestFlow -->
</testsuite> <!-- Short link testing -->
